   0.5993000000000001     
   0.5993000000000001     
   0.5889000000000000     
   0.5785000000000000     
   0.5681000000000000     
   0.5577000000000000     
   0.5473000000000000     
   0.5537000000000000     
   0.5602000000000000     
   0.5666000000000000     
   0.5730000000000000     
   0.5795000000000000     
   0.5662000000000000     
   0.5528000000000000     
   0.5394000000000000     
   0.5261000000000000     
   0.5127000000000000     
   0.4840000000000000     
   0.4552000000000000     
   0.4264000000000000     
   0.3977000000000000     
   0.3688000000000000     
   0.3610000000000000     
   0.3532000000000000     
   0.3453000000000000     
   0.3375000000000000     
   0.3296000000000000     
   0.3218000000000000     
   0.3039000000000000     
   0.2859000000000000     
   0.2680000000000000     
   0.2501000000000000     
   0.2321000000000000     
   0.1926000000000000     
   0.1530000000000000     
   0.1135000000000000     
   7.4099999999999999E-002
   3.4700000000000002E-002
   3.3700000000000001E-002
   3.2800000000000003E-002
   3.1800000000000002E-002
   3.0900000000000000E-002
   2.9899999999999999E-002
   3.4000000000000002E-002
   3.8100000000000002E-002
   4.2200000000000001E-002
   4.6300000000000001E-002
   5.0299999999999997E-002
   6.2000000000000000E-002
   7.3700000000000002E-002
   8.5300000000000001E-002
   9.6900000000000000E-002
   0.1084000000000000     
   0.1199000000000000     
   0.1255000000000000     
   0.1310000000000000     
   0.1365000000000000     
   0.1420000000000000     
   0.1475000000000000     
   0.1506000000000000     
   0.1537000000000000     
   0.1568000000000000     
   0.1599000000000000     
   0.1629000000000000     
   0.1844000000000000     
   0.2058000000000000     
   0.2270000000000000     
   0.2482000000000000     
   0.2692000000000000     
   0.2620000000000000     
   0.2549000000000000     
   0.2479000000000000     
   0.2409000000000000     
   0.2339000000000000     
   0.2547000000000000     
   0.2753000000000000     
   0.2957000000000000     
   0.3160000000000000     
   0.3360000000000000     
   0.3558000000000000     
   0.3276000000000000     
   0.2997000000000000     
   0.2720000000000000     
   0.2446000000000000     
   0.2176000000000000     
   0.2089000000000000     
   0.2003000000000000     
   0.1920000000000000     
   0.1838000000000000     
   0.1758000000000000     
   0.1625000000000000     
   0.1496000000000000     
   0.1370000000000000     
   0.1249000000000000     
   0.1132000000000000     
   9.6699999999999994E-002
   8.0199999999999994E-002
   6.3600000000000004E-002
   4.6300000000000001E-002
   2.7099999999999999E-002
   1.1000000000000001E-003
