 INPUTS
 --------------------------------------------------------------
 n_rho_grid=          101
 beta_N_ped=   0.5000000000000000     
 n14_ped=   0.9000000000000000       10**14 1/cm**3
 I_p=    1.020000000000000       MA
 B_t=    1.540000000000000       Tesla
 Rmaj0=    1.670000000000000       meters
 delR0oa=   0.1500000000000000     
 rmin=   0.5786765200000000       meters
 kappa_1=    1.750000000000000     
 kappa_0=    1.000000000000000     
 delta_1=   0.2000000000000000     
 delta_0=    0.000000000000000     
 q_1=    3.800000000000000     
 q_0=    1.000000000000000     
 rho_q=   0.5000000000000000     
 epa_q=   0.1000000000000000     
 Zeff=    1.000000000000000     
 M_i1=    2.000000000000000     
 Q_i1=    1.000000000000000     
 M_i2=    2.000000000000000     
 Q_i2=    1.000000000000000     
 f_i1=    0.000000000000000     
 M_DT=    2.000000000000000     
 M_beam=    2.000000000000000     
 Q_beam=    1.000000000000000     
 E_alpha=   8.0000000000000002E-002  meV
 Fpeak_T=    3.000000000000000     
 Fpeak_n=    1.100000000000000     
 Fpeak_ei=    1.100000000000000     
use_T_equiv=0
NBI_flag=1
 --------------------------------------------------------------
 OUTPUTS
 --------------------------------------------------------------
 --------------------------------------------------------------
 OUTPUT profiles versus rho_hat for plotting
 --------------------------------------------------------------
 rho_hat grid
 0.0000000E+00
 1.0005728E-02
 2.0011303E-02
 3.0016573E-02
 4.0021400E-02
 5.0025673E-02
 6.0029346E-02
 7.0032516E-02
 8.0035405E-02
 9.0038291E-02
 1.0004148E-01
 1.1004529E-01
 1.2005007E-01
 1.3005614E-01
 1.4006355E-01
 1.5007197E-01
 1.6008096E-01
 1.7008947E-01
 1.8009704E-01
 1.9010424E-01
 2.0011003E-01
 2.1011640E-01
 2.2012319E-01
 2.3012986E-01
 2.4013490E-01
 2.5014041E-01
 2.6014538E-01
 2.7014986E-01
 2.8014801E-01
 2.9014902E-01
 3.0015337E-01
 3.1015387E-01
 3.2015892E-01
 3.3016177E-01
 3.4016567E-01
 3.5017050E-01
 3.6017422E-01
 3.7017972E-01
 3.8018374E-01
 3.9018932E-01
 4.0019372E-01
 4.1019918E-01
 4.2020399E-01
 4.3020912E-01
 4.4021428E-01
 4.5021883E-01
 4.6022397E-01
 4.7022820E-01
 4.8023304E-01
 4.9023758E-01
 5.0024197E-01
 5.1024654E-01
 5.2025066E-01
 5.3025452E-01
 5.4025856E-01
 5.5026208E-01
 5.6026579E-01
 5.7026947E-01
 5.8027250E-01
 5.9027557E-01
 6.0027860E-01
 6.1028134E-01
 6.2028374E-01
 6.3028627E-01
 6.4028823E-01
 6.5029002E-01
 6.6029181E-01
 6.7029343E-01
 6.8029416E-01
 6.9029513E-01
 7.0029588E-01
 7.1029592E-01
 7.2029562E-01
 7.3029534E-01
 7.4029426E-01
 7.5029253E-01
 7.6029098E-01
 7.7028856E-01
 7.8028505E-01
 7.9028187E-01
 8.0027788E-01
 8.1027246E-01
 8.2026754E-01
 8.3026149E-01
 8.4025396E-01
 8.5024711E-01
 8.6023816E-01
 8.7022893E-01
 8.8021967E-01
 8.9020738E-01
 9.0019641E-01
 9.1018223E-01
 9.2016764E-01
 9.3015194E-01
 9.4013198E-01
 9.5011378E-01
 9.6008778E-01
 9.7006703E-01
 9.8004755E-01
 9.9002547E-01
 1.0000000E+00
 --------------------------------------------------------------
 plasma profile
 --------------------------------------------------------------
 ion temperature in keV
 1.4304555E+00
 1.4284653E+00
 1.4254838E+00
 1.4205297E+00
 1.4136266E+00
 1.4048045E+00
 1.3941086E+00
 1.3815900E+00
 1.3673013E+00
 1.3513124E+00
 1.3336958E+00
 1.3145291E+00
 1.2938975E+00
 1.2718895E+00
 1.2486001E+00
 1.2241718E+00
 1.1990173E+00
 1.1735253E+00
 1.1477933E+00
 1.1218649E+00
 1.0957853E+00
 1.0696063E+00
 1.0433701E+00
 1.0171169E+00
 9.9089622E-01
 9.6474821E-01
 9.3870887E-01
 9.1281888E-01
 8.8711439E-01
 8.6162997E-01
 8.3643498E-01
 8.1180059E-01
 7.8796637E-01
 7.6493732E-01
 7.4268248E-01
 7.2117199E-01
 7.0037738E-01
 6.8027137E-01
 6.6082836E-01
 6.4202361E-01
 6.2383271E-01
 6.0623303E-01
 5.8920303E-01
 5.7272180E-01
 5.5676914E-01
 5.4132574E-01
 5.2637383E-01
 5.1189536E-01
 4.9787330E-01
 4.8429166E-01
 4.7113497E-01
 4.5838822E-01
 4.4603679E-01
 4.3406727E-01
 4.2246647E-01
 4.1122163E-01
 4.0032034E-01
 3.8975082E-01
 3.7950185E-01
 3.6956266E-01
 3.5991546E-01
 3.5049963E-01
 3.4126030E-01
 3.3219107E-01
 3.2329275E-01
 3.1456565E-01
 3.0601022E-01
 2.9762656E-01
 2.8941459E-01
 2.8137393E-01
 2.7350415E-01
 2.6580466E-01
 2.5827487E-01
 2.5091393E-01
 2.4372020E-01
 2.3669267E-01
 2.2983009E-01
 2.2313068E-01
 2.1659270E-01
 2.1021477E-01
 2.0399496E-01
 1.9793099E-01
 1.9202105E-01
 1.8626315E-01
 1.8065479E-01
 1.7519381E-01
 1.6987795E-01
 1.6470445E-01
 1.5967104E-01
 1.5477564E-01
 1.5001912E-01
 1.4542302E-01
 1.4100661E-01
 1.3676511E-01
 1.3269083E-01
 1.2877625E-01
 1.2501414E-01
 1.2139790E-01
 1.1792094E-01
 1.1457765E-01
 1.1129664E-01
 --------------------------------------------------------------
 electron temperature in keV
 1.6419307E+00
 1.6406832E+00
 1.6388157E+00
 1.6357094E+00
 1.6313721E+00
 1.6258136E+00
 1.6190475E+00
 1.6110940E+00
 1.6019730E+00
 1.5917045E+00
 1.5803172E+00
 1.5678401E+00
 1.5543018E+00
 1.5397395E+00
 1.5241861E+00
 1.5076767E+00
 1.4902547E+00
 1.4719575E+00
 1.4528317E+00
 1.4329210E+00
 1.4122689E+00
 1.3909230E+00
 1.3689272E+00
 1.3463364E+00
 1.3231931E+00
 1.2995447E+00
 1.2754437E+00
 1.2509341E+00
 1.2260681E+00
 1.2008935E+00
 1.1754701E+00
 1.1499490E+00
 1.1244753E+00
 1.0990928E+00
 1.0738226E+00
 1.0486909E+00
 1.0237195E+00
 9.9892810E-01
 9.7433930E-01
 9.4997269E-01
 9.2584690E-01
 9.0197986E-01
 8.7838802E-01
 8.5508746E-01
 8.3209257E-01
 8.0941693E-01
 7.8707321E-01
 7.6507257E-01
 7.4342589E-01
 7.2214269E-01
 7.0122919E-01
 6.8067775E-01
 6.6048125E-01
 6.4064651E-01
 6.2118030E-01
 6.0208909E-01
 5.8337887E-01
 5.6505443E-01
 5.4711975E-01
 5.2957779E-01
 5.1243081E-01
 4.9568035E-01
 4.7932756E-01
 4.6337237E-01
 4.4781435E-01
 4.3265239E-01
 4.1788470E-01
 4.0350880E-01
 3.8952174E-01
 3.7592042E-01
 3.6270111E-01
 3.4985951E-01
 3.3739102E-01
 3.2529067E-01
 3.1355320E-01
 3.0217298E-01
 2.9114378E-01
 2.8045957E-01
 2.7011413E-01
 2.6010097E-01
 2.5039278E-01
 2.4084601E-01
 2.3133825E-01
 2.2188327E-01
 2.1251372E-01
 2.0326025E-01
 1.9415033E-01
 1.8520875E-01
 1.7645792E-01
 1.6791709E-01
 1.5960367E-01
 1.5153188E-01
 1.4371317E-01
 1.3615748E-01
 1.2887216E-01
 1.2186207E-01
 1.1513028E-01
 1.0867864E-01
 1.0250684E-01
 9.6612872E-02
 9.0857281E-02
 --------------------------------------------------------------
 ion density in 10**19 1/m**3
 1.2307354E+00
 1.2316400E+00
 1.2323760E+00
 1.2326579E+00
 1.2324575E+00
 1.2324952E+00
 1.2349836E+00
 1.2393630E+00
 1.2449456E+00
 1.2514548E+00
 1.2588633E+00
 1.2675626E+00
 1.2775381E+00
 1.2882725E+00
 1.2993830E+00
 1.3107735E+00
 1.3220889E+00
 1.3330989E+00
 1.3436672E+00
 1.3537441E+00
 1.3632430E+00
 1.3719520E+00
 1.3797633E+00
 1.3866723E+00
 1.3927983E+00
 1.3983787E+00
 1.4037319E+00
 1.4090413E+00
 1.4143791E+00
 1.4197585E+00
 1.4251077E+00
 1.4301760E+00
 1.4348969E+00
 1.4392737E+00
 1.4433223E+00
 1.4470169E+00
 1.4502356E+00
 1.4529688E+00
 1.4552580E+00
 1.4571609E+00
 1.4587212E+00
 1.4599084E+00
 1.4607751E+00
 1.4613851E+00
 1.4617821E+00
 1.4619781E+00
 1.4619369E+00
 1.4616487E+00
 1.4611041E+00
 1.4603093E+00
 1.4592720E+00
 1.4579630E+00
 1.4563607E+00
 1.4544477E+00
 1.4522070E+00
 1.4496117E+00
 1.4466356E+00
 1.4432673E+00
 1.4395031E+00
 1.4353430E+00
 1.4307816E+00
 1.4258184E+00
 1.4204661E+00
 1.4147354E+00
 1.4086398E+00
 1.4022089E+00
 1.3954712E+00
 1.3884487E+00
 1.3811492E+00
 1.3735838E+00
 1.3657621E+00
 1.3576635E+00
 1.3492839E+00
 1.3406174E+00
 1.3316519E+00
 1.3223627E+00
 1.3127094E+00
 1.3026566E+00
 1.2921637E+00
 1.2811765E+00
 1.2696388E+00
 1.2575021E+00
 1.2447018E+00
 1.2311577E+00
 1.2167926E+00
 1.2015393E+00
 1.1853550E+00
 1.1682009E+00
 1.1500432E+00
 1.1308798E+00
 1.1107409E+00
 1.0897138E+00
 1.0678982E+00
 1.0454124E+00
 1.0224095E+00
 9.9911427E-01
 9.7567603E-01
 9.5257444E-01
 9.2994782E-01
 9.0429541E-01
 8.7560100E-01
 --------------------------------------------------------------
 electron density in 10**19 1/m**3
 1.8713331E+00
 1.8709285E+00
 1.8703750E+00
 1.8694913E+00
 1.8682514E+00
 1.8666667E+00
 1.8647432E+00
 1.8625333E+00
 1.8601511E+00
 1.8577227E+00
 1.8553253E+00
 1.8529631E+00
 1.8506158E+00
 1.8482547E+00
 1.8458448E+00
 1.8433426E+00
 1.8406843E+00
 1.8377885E+00
 1.8345629E+00
 1.8309010E+00
 1.8266980E+00
 1.8218574E+00
 1.8162842E+00
 1.8099387E+00
 1.8029090E+00
 1.7953967E+00
 1.7876242E+00
 1.7797515E+00
 1.7718501E+00
 1.7639348E+00
 1.7559934E+00
 1.7480008E+00
 1.7399258E+00
 1.7317434E+00
 1.7234422E+00
 1.7150109E+00
 1.7064410E+00
 1.6977249E+00
 1.6888737E+00
 1.6799187E+00
 1.6709076E+00
 1.6619001E+00
 1.6529501E+00
 1.6440949E+00
 1.6353548E+00
 1.6267287E+00
 1.6182011E+00
 1.6097560E+00
 1.6013784E+00
 1.5930535E+00
 1.5847648E+00
 1.5765037E+00
 1.5682501E+00
 1.5599727E+00
 1.5516330E+00
 1.5431933E+00
 1.5346263E+00
 1.5259093E+00
 1.5170259E+00
 1.5079653E+00
 1.4987148E+00
 1.4892606E+00
 1.4795987E+00
 1.4697291E+00
 1.4596620E+00
 1.4494237E+00
 1.4390417E+00
 1.4285321E+00
 1.4178998E+00
 1.4071513E+00
 1.3962942E+00
 1.3853321E+00
 1.3742661E+00
 1.3630865E+00
 1.3517719E+00
 1.3402925E+00
 1.3286145E+00
 1.3167016E+00
 1.3045065E+00
 1.2919691E+00
 1.2790269E+00
 1.2656162E+00
 1.2516658E+00
 1.2370920E+00
 1.2218148E+00
 1.2057605E+00
 1.1888678E+00
 1.1710916E+00
 1.1523966E+00
 1.1327795E+00
 1.1122631E+00
 1.0909110E+00
 1.0688166E+00
 1.0460975E+00
 1.0229064E+00
 9.9946763E-01
 9.7592983E-01
 9.5277219E-01
 9.3013329E-01
 9.0451285E-01
 8.7581844E-01
 --------------------------------------------------------------
 equilibrium profiles
 --------------------------------------------------------------
 midplane minor radius in meters
 0.0000000E+00
 6.2280897E-03
 1.2467572E-02
 1.8718352E-02
 2.4980341E-02
 3.1253468E-02
 3.7537703E-02
 4.3833105E-02
 5.0139811E-02
 5.6435324E-02
 6.2721566E-02
 6.9024336E-02
 7.5344544E-02
 8.1690889E-02
 8.8040348E-02
 9.4387616E-02
 1.0074897E-01
 1.0713462E-01
 1.1353202E-01
 1.1993698E-01
 1.2633485E-01
 1.3275098E-01
 1.3917229E-01
 1.4559325E-01
 1.5201446E-01
 1.5844026E-01
 1.6486573E-01
 1.7128498E-01
 1.7770116E-01
 1.8411864E-01
 1.9053595E-01
 1.9694041E-01
 2.0334673E-01
 2.0974164E-01
 2.1613271E-01
 2.2251821E-01
 2.2888881E-01
 2.3525259E-01
 2.4160467E-01
 2.4794313E-01
 2.5426748E-01
 2.6058248E-01
 2.6687792E-01
 2.7315856E-01
 2.7942575E-01
 2.8568002E-01
 2.9191430E-01
 2.9812903E-01
 3.0432724E-01
 3.1051332E-01
 3.1667653E-01
 3.2281850E-01
 3.2894145E-01
 3.3504420E-01
 3.4112198E-01
 3.4717773E-01
 3.5320906E-01
 3.5921708E-01
 3.6519773E-01
 3.7115679E-01
 3.7709185E-01
 3.8299760E-01
 3.8887201E-01
 3.9472246E-01
 4.0054528E-01
 4.0633629E-01
 4.1209378E-01
 4.1782095E-01
 4.2351523E-01
 4.2917555E-01
 4.3479932E-01
 4.4038830E-01
 4.4593620E-01
 4.5144234E-01
 4.5690301E-01
 4.6232326E-01
 4.6769534E-01
 4.7301408E-01
 4.7828358E-01
 4.8349648E-01
 4.8865808E-01
 4.9377075E-01
 4.9883754E-01
 5.0384521E-01
 5.0878505E-01
 5.1367058E-01
 5.1847072E-01
 5.2314360E-01
 5.2772561E-01
 5.3218746E-01
 5.3656014E-01
 5.4082799E-01
 5.4499627E-01
 5.4901080E-01
 5.5287165E-01
 5.5667777E-01
 5.6046494E-01
 5.6429470E-01
 5.6826662E-01
 5.7268528E-01
 5.7867652E-01
 --------------------------------------------------------------
 safety factor
-5.1237526E+00
-5.1220450E+00
-5.1169254E+00
-5.1084037E+00
-5.0964964E+00
-5.0812270E+00
-5.0626258E+00
-5.0407308E+00
-5.0155881E+00
-4.9872521E+00
-4.9557871E+00
-4.9212676E+00
-4.8837806E+00
-4.8434267E+00
-4.8003231E+00
-4.7546067E+00
-4.7064393E+00
-4.6561233E+00
-4.6053035E+00
-4.5549715E+00
-4.5058673E+00
-4.4587860E+00
-4.4138141E+00
-4.3701687E+00
-4.3283803E+00
-4.2890689E+00
-4.2520789E+00
-4.2175724E+00
-4.1861398E+00
-4.1576260E+00
-4.1321273E+00
-4.1100316E+00
-4.0908353E+00
-4.0748008E+00
-4.0618394E+00
-4.0518821E+00
-4.0450154E+00
-4.0410579E+00
-4.0401146E+00
-4.0420238E+00
-4.0468086E+00
-4.0542228E+00
-4.0642381E+00
-4.0766889E+00
-4.0915576E+00
-4.1088284E+00
-4.1286760E+00
-4.1511975E+00
-4.1763509E+00
-4.2039199E+00
-4.2335536E+00
-4.2649724E+00
-4.2983298E+00
-4.3343472E+00
-4.3732250E+00
-4.4147792E+00
-4.4579217E+00
-4.5029095E+00
-4.5502333E+00
-4.6008131E+00
-4.6539610E+00
-4.7091251E+00
-4.7661556E+00
-4.8262093E+00
-4.8895988E+00
-4.9557377E+00
-5.0240863E+00
-5.0952067E+00
-5.1701244E+00
-5.2486705E+00
-5.3303899E+00
-5.4152290E+00
-5.5045816E+00
-5.5987335E+00
-5.6975909E+00
-5.8008351E+00
-5.9095956E+00
-6.0243709E+00
-6.1453345E+00
-6.2726267E+00
-6.4065450E+00
-6.5476322E+00
-6.6957799E+00
-6.8513162E+00
-7.0151843E+00
-7.1873825E+00
-7.3678466E+00
-7.5571144E+00
-7.7557697E+00
-7.9641720E+00
-8.1828698E+00
-8.4124128E+00
-8.6554183E+00
-8.9131044E+00
-9.1869697E+00
-9.4793865E+00
-9.7912820E+00
-1.0126978E+01
-1.0487428E+01
-1.0884407E+01
-1.1319653E+01
 --------------------------------------------------------------
 Shafranov shifted major radius in meters
 1.7578463E+00
 1.7578225E+00
 1.7577445E+00
 1.7576123E+00
 1.7574259E+00
 1.7571854E+00
 1.7568907E+00
 1.7565419E+00
 1.7561388E+00
 1.7556640E+00
 1.7551185E+00
 1.7545105E+00
 1.7538453E+00
 1.7531332E+00
 1.7523698E+00
 1.7515646E+00
 1.7507332E+00
 1.7498774E+00
 1.7490091E+00
 1.7481334E+00
 1.7472448E+00
 1.7463537E+00
 1.7454691E+00
 1.7445901E+00
 1.7437068E+00
 1.7428305E+00
 1.7419620E+00
 1.7410965E+00
 1.7402371E+00
 1.7393888E+00
 1.7385418E+00
 1.7377058E+00
 1.7368745E+00
 1.7360502E+00
 1.7352326E+00
 1.7344202E+00
 1.7336084E+00
 1.7328034E+00
 1.7319980E+00
 1.7312017E+00
 1.7303983E+00
 1.7295993E+00
 1.7288015E+00
 1.7280032E+00
 1.7271986E+00
 1.7263943E+00
 1.7255851E+00
 1.7247717E+00
 1.7239470E+00
 1.7231269E+00
 1.7222957E+00
 1.7214598E+00
 1.7206141E+00
 1.7197667E+00
 1.7189067E+00
 1.7180450E+00
 1.7171684E+00
 1.7162903E+00
 1.7154029E+00
 1.7145145E+00
 1.7136172E+00
 1.7127123E+00
 1.7117988E+00
 1.7108847E+00
 1.7099643E+00
 1.7090379E+00
 1.7080994E+00
 1.7071635E+00
 1.7062198E+00
 1.7052657E+00
 1.7043155E+00
 1.7033643E+00
 1.7023980E+00
 1.7014306E+00
 1.7004557E+00
 1.6994874E+00
 1.6985071E+00
 1.6975200E+00
 1.6965345E+00
 1.6955447E+00
 1.6945536E+00
 1.6935793E+00
 1.6926061E+00
 1.6916456E+00
 1.6906905E+00
 1.6897550E+00
 1.6888174E+00
 1.6878403E+00
 1.6868340E+00
 1.6857839E+00
 1.6846917E+00
 1.6835829E+00
 1.6824404E+00
 1.6813240E+00
 1.6803305E+00
 1.6795507E+00
 1.6790035E+00
 1.6787405E+00
 1.6788429E+00
 1.6793071E+00
 1.6805620E+00
 --------------------------------------------------------------
 elongation
 1.5432228E+00
 1.5401394E+00
 1.5370480E+00
 1.5339486E+00
 1.5308412E+00
 1.5277258E+00
 1.5246026E+00
 1.5214714E+00
 1.5183322E+00
 1.5158441E+00
 1.5139517E+00
 1.5102667E+00
 1.5059670E+00
 1.5019471E+00
 1.4987591E+00
 1.4959671E+00
 1.4928841E+00
 1.4893116E+00
 1.4855693E+00
 1.4821906E+00
 1.4792104E+00
 1.4762115E+00
 1.4733182E+00
 1.4704730E+00
 1.4676856E+00
 1.4650121E+00
 1.4624626E+00
 1.4601520E+00
 1.4580353E+00
 1.4560304E+00
 1.4541098E+00
 1.4523755E+00
 1.4507199E+00
 1.4491498E+00
 1.4477568E+00
 1.4465560E+00
 1.4455203E+00
 1.4445801E+00
 1.4437348E+00
 1.4430119E+00
 1.4424438E+00
 1.4420135E+00
 1.4417350E+00
 1.4415606E+00
 1.4414279E+00
 1.4413717E+00
 1.4414467E+00
 1.4416847E+00
 1.4420589E+00
 1.4424796E+00
 1.4430024E+00
 1.4436178E+00
 1.4443399E+00
 1.4451943E+00
 1.4461897E+00
 1.4472744E+00
 1.4484341E+00
 1.4496730E+00
 1.4510469E+00
 1.4525360E+00
 1.4541499E+00
 1.4558721E+00
 1.4576951E+00
 1.4595872E+00
 1.4616236E+00
 1.4638090E+00
 1.4661314E+00
 1.4685739E+00
 1.4711089E+00
 1.4737822E+00
 1.4766316E+00
 1.4796493E+00
 1.4828578E+00
 1.4862168E+00
 1.4897417E+00
 1.4934434E+00
 1.4973924E+00
 1.5016084E+00
 1.5060541E+00
 1.5107566E+00
 1.5156936E+00
 1.5208935E+00
 1.5263736E+00
 1.5321725E+00
 1.5383275E+00
 1.5448490E+00
 1.5518392E+00
 1.5594576E+00
 1.5675924E+00
 1.5763383E+00
 1.5856597E+00
 1.5956744E+00
 1.6064634E+00
 1.6183449E+00
 1.6313158E+00
 1.6447647E+00
 1.6584361E+00
 1.6727042E+00
 1.6877344E+00
 1.7017580E+00
 1.7139036E+00
 --------------------------------------------------------------
 triangularity
 0.0000000E+00
 4.2471902E-03
 8.3396098E-03
 1.2277151E-02
 1.6059733E-02
 1.9687310E-02
 2.3159872E-02
 2.6477471E-02
 2.9640202E-02
 3.2405456E-02
 3.4792709E-02
 3.7333474E-02
 3.9967329E-02
 4.2792927E-02
 4.5538919E-02
 4.8230706E-02
 5.0779390E-02
 5.3017105E-02
 5.5066194E-02
 5.6944867E-02
 5.8625133E-02
 6.0190904E-02
 6.1703884E-02
 6.3191718E-02
 6.4468935E-02
 6.5729717E-02
 6.6994578E-02
 6.8205594E-02
 6.9348540E-02
 7.0520851E-02
 7.1597916E-02
 7.2720080E-02
 7.3811992E-02
 7.4923489E-02
 7.6098771E-02
 7.7334875E-02
 7.8595089E-02
 7.9969528E-02
 8.1365031E-02
 8.2873281E-02
 8.4375180E-02
 8.5901995E-02
 8.7474302E-02
 8.9083039E-02
 9.0654297E-02
 9.2307237E-02
 9.3976013E-02
 9.5693872E-02
 9.7438974E-02
 9.9278298E-02
 1.0111033E-01
 1.0302416E-01
 1.0496900E-01
 1.0695628E-01
 1.0899731E-01
 1.1110099E-01
 1.1323586E-01
 1.1543692E-01
 1.1770465E-01
 1.2004050E-01
 1.2244236E-01
 1.2488588E-01
 1.2740179E-01
 1.3000171E-01
 1.3266903E-01
 1.3540720E-01
 1.3820173E-01
 1.4110430E-01
 1.4408817E-01
 1.4714538E-01
 1.5034189E-01
 1.5362750E-01
 1.5701247E-01
 1.6051464E-01
 1.6413723E-01
 1.6795728E-01
 1.7189096E-01
 1.7599847E-01
 1.8030744E-01
 1.8478652E-01
 1.8947678E-01
 1.9443620E-01
 1.9961055E-01
 2.0508341E-01
 2.1083885E-01
 2.1697157E-01
 2.2341665E-01
 2.3011590E-01
 2.3711533E-01
 2.4447561E-01
 2.5230839E-01
 2.6081735E-01
 2.7004103E-01
 2.8011896E-01
 2.9131418E-01
 3.0362268E-01
 3.1691418E-01
 3.3142929E-01
 3.4678020E-01
 3.6125479E-01
 3.7739180E-01
 --------------------------------------------------------------
 slowing down alpha profiles
 --------------------------------------------------------------
 alpha density in 10**19 1/m**3
 6.4059773E-01
 6.3928848E-01
 6.3799899E-01
 6.3683339E-01
 6.3579389E-01
 6.3417148E-01
 6.2975960E-01
 6.2317029E-01
 6.1520547E-01
 6.0626787E-01
 5.9646199E-01
 5.8540048E-01
 5.7307772E-01
 5.5998216E-01
 5.4646179E-01
 5.3256906E-01
 5.1859545E-01
 5.0468959E-01
 4.9089570E-01
 4.7715691E-01
 4.6345497E-01
 4.4990538E-01
 4.3652086E-01
 4.2326637E-01
 4.1011070E-01
 3.9701799E-01
 3.8389233E-01
 3.7071021E-01
 3.5747098E-01
 3.4417630E-01
 3.3088566E-01
 3.1782481E-01
 3.0502892E-01
 2.9246970E-01
 2.8011988E-01
 2.6799405E-01
 2.5620543E-01
 2.4475612E-01
 2.3361573E-01
 2.2275780E-01
 2.1218644E-01
 2.0199173E-01
 1.9217504E-01
 1.8270981E-01
 1.7357272E-01
 1.6475062E-01
 1.5626422E-01
 1.4810725E-01
 1.4027433E-01
 1.3274415E-01
 1.2549284E-01
 1.1854071E-01
 1.1188941E-01
 1.0552500E-01
 9.9426042E-02
 9.3581586E-02
 8.7990657E-02
 8.2642024E-02
 7.7522825E-02
 7.2622323E-02
 6.7933211E-02
 6.3442201E-02
 5.9132569E-02
 5.4993700E-02
 5.1022243E-02
 4.7214755E-02
 4.3570503E-02
 4.0083362E-02
 3.6750601E-02
 3.3567521E-02
 3.0532110E-02
 2.7668578E-02
 2.4982227E-02
 2.2469083E-02
 2.0119982E-02
 1.7929762E-02
 1.5905116E-02
 1.4044998E-02
 1.2342807E-02
 1.0792638E-02
 9.3881087E-03
 8.1141077E-03
 6.9639827E-03
 5.9342700E-03
 5.0222201E-03
 4.2212420E-03
 3.5127794E-03
 2.8906801E-03
 2.3534305E-03
 1.8996528E-03
 1.5221545E-03
 1.1971860E-03
 9.1840182E-04
 6.8513190E-04
 4.9692998E-04
 3.5336352E-04
 2.5379710E-04
 1.9774916E-04
 1.8546872E-04
 2.1743837E-04
 2.1743837E-04
 --------------------------------------------------------------
 alpha source profiles
 --------------------------------------------------------------
 alpha source in 10**19 1/m**3/sec
 4.4005088E+00
 4.3931239E+00
 4.3867945E+00
 4.3830865E+00
 4.3819556E+00
 4.3785427E+00
 4.3575748E+00
 4.3232681E+00
 4.2813105E+00
 4.2346655E+00
 4.1840903E+00
 4.1267025E+00
 4.0621963E+00
 3.9937285E+00
 3.9235117E+00
 3.8516605E+00
 3.7799829E+00
 3.7092862E+00
 3.6396121E+00
 3.5702507E+00
 3.5007866E+00
 3.4318402E+00
 3.3632964E+00
 3.2947622E+00
 3.2261211E+00
 3.1573857E+00
 3.0880707E+00
 3.0181232E+00
 2.9474770E+00
 2.8759816E+00
 2.8038957E+00
 2.7327160E+00
 2.6623865E+00
 2.5925281E+00
 2.5228240E+00
 2.4533138E+00
 2.3849761E+00
 2.3178143E+00
 2.2515425E+00
 2.1859258E+00
 2.1210362E+00
 2.0578359E+00
 1.9964278E+00
 1.9366015E+00
 1.8781459E+00
 1.8209228E+00
 1.7651566E+00
 1.7107917E+00
 1.6577879E+00
 1.6059201E+00
 1.5549224E+00
 1.5051094E+00
 1.4565754E+00
 1.4091801E+00
 1.3626689E+00
 1.3169195E+00
 1.2719599E+00
 1.2276831E+00
 1.1839583E+00
 1.1406840E+00
 1.0978066E+00
 1.0551712E+00
 1.0125576E+00
 9.6983468E-01
 9.2699689E-01
 8.8404857E-01
 8.4104703E-01
 7.9794246E-01
 7.5474332E-01
 7.1142051E-01
 6.6800351E-01
 6.2511891E-01
 5.8303598E-01
 5.4183174E-01
 5.0145955E-01
 4.6196735E-01
 4.2372577E-01
 3.8694158E-01
 3.5168590E-01
 3.1805316E-01
 2.8615858E-01
 2.5598291E-01
 2.2767454E-01
 2.0130286E-01
 1.7696751E-01
 1.5466441E-01
 1.3394938E-01
 1.1480735E-01
 9.7418891E-02
 8.2005418E-02
 6.8560620E-02
 5.6289673E-02
 4.5097085E-02
 3.5150953E-02
 2.6651509E-02
 1.9823579E-02
 1.4903108E-02
 1.2167719E-02
 1.1972515E-02
 1.4685609E-02
 1.5344557E-02
 --------------------------------------------------------------
 alpha equivalent Maxwellian temperature in keV
 2.5319469E+01
 2.5315847E+01
 2.5310419E+01
 2.5301374E+01
 2.5288709E+01
 2.5272420E+01
 2.5252503E+01
 2.5228965E+01
 2.5201801E+01
 2.5171000E+01
 2.5136569E+01
 2.5098507E+01
 2.5056805E+01
 2.5011473E+01
 2.4962502E+01
 2.4909885E+01
 2.4853635E+01
 2.4793741E+01
 2.4730221E+01
 2.4663078E+01
 2.4592312E+01
 2.4517938E+01
 2.4439956E+01
 2.4358405E+01
 2.4273281E+01
 2.4184600E+01
 2.4092399E+01
 2.3996687E+01
 2.3897509E+01
 2.3794899E+01
 2.3688945E+01
 2.3580146E+01
 2.3469021E+01
 2.3355686E+01
 2.3240167E+01
 2.3122519E+01
 2.3002785E+01
 2.2881003E+01
 2.2757234E+01
 2.2631532E+01
 2.2503953E+01
 2.2374557E+01
 2.2243405E+01
 2.2110563E+01
 2.1976098E+01
 2.1840077E+01
 2.1702571E+01
 2.1563651E+01
 2.1423393E+01
 2.1281872E+01
 2.1139148E+01
 2.0995191E+01
 2.0849970E+01
 2.0703552E+01
 2.0556016E+01
 2.0407442E+01
 2.0257915E+01
 2.0107521E+01
 1.9956342E+01
 1.9804464E+01
 1.9651969E+01
 1.9498943E+01
 1.9345471E+01
 1.9191637E+01
 1.9037524E+01
 1.8883216E+01
 1.8728792E+01
 1.8574334E+01
 1.8419917E+01
 1.8265622E+01
 1.8111528E+01
 1.7957706E+01
 1.7804232E+01
 1.7651175E+01
 1.7498607E+01
 1.7346593E+01
 1.7195196E+01
 1.7044478E+01
 1.6894503E+01
 1.6745329E+01
 1.6596694E+01
 1.6446443E+01
 1.6292518E+01
 1.6134923E+01
 1.5973992E+01
 1.5810073E+01
 1.5643501E+01
 1.5474613E+01
 1.5303744E+01
 1.5131217E+01
 1.4957367E+01
 1.4782505E+01
 1.4606929E+01
 1.4430946E+01
 1.4254845E+01
 1.4078893E+01
 1.3903350E+01
 1.3728475E+01
 1.3554506E+01
 1.3381655E+01
 1.3205881E+01
 --------------------------------------------------------------
 E_alpha normed E_c: E_c_hat=E_c/E_alpha   cross over energy
 3.8281580E-01
 3.8252495E-01
 3.8208954E-01
 3.8136531E-01
 3.8035407E-01
 3.7905810E-01
 3.7748059E-01
 3.7562623E-01
 3.7349967E-01
 3.7110557E-01
 3.6845063E-01
 3.6554159E-01
 3.6238514E-01
 3.5898994E-01
 3.5536367E-01
 3.5151451E-01
 3.4745257E-01
 3.4318659E-01
 3.3872741E-01
 3.3408523E-01
 3.2927020E-01
 3.2429341E-01
 3.1916509E-01
 3.1389805E-01
 3.0850220E-01
 3.0298858E-01
 2.9736943E-01
 2.9165503E-01
 2.8585752E-01
 2.7998807E-01
 2.7406061E-01
 2.6811037E-01
 2.6217118E-01
 2.5625326E-01
 2.5036152E-01
 2.4450207E-01
 2.3867999E-01
 2.3289988E-01
 2.2716701E-01
 2.2148594E-01
 2.1586101E-01
 2.1029642E-01
 2.0479598E-01
 1.9936346E-01
 1.9400221E-01
 1.8871539E-01
 1.8350596E-01
 1.7837651E-01
 1.7332959E-01
 1.6836742E-01
 1.6349144E-01
 1.5869988E-01
 1.5399107E-01
 1.4936660E-01
 1.4482806E-01
 1.4037695E-01
 1.3601466E-01
 1.3174232E-01
 1.2756086E-01
 1.2347095E-01
 1.1947314E-01
 1.1556777E-01
 1.1175512E-01
 1.0803517E-01
 1.0440782E-01
 1.0087281E-01
 9.7429731E-02
 9.4077993E-02
 9.0816913E-02
 8.7645768E-02
 8.4563688E-02
 8.1569672E-02
 7.8662646E-02
 7.5841452E-02
 7.3104863E-02
 7.0451568E-02
 6.7880112E-02
 6.5389090E-02
 6.2977053E-02
 6.0642487E-02
 5.8379025E-02
 5.6153197E-02
 5.3936465E-02
 5.1732038E-02
 4.9547530E-02
 4.7390085E-02
 4.5266109E-02
 4.3181382E-02
 4.1141127E-02
 3.9149835E-02
 3.7211563E-02
 3.5329626E-02
 3.3506696E-02
 3.1745088E-02
 3.0046517E-02
 2.8412116E-02
 2.6842601E-02
 2.5338402E-02
 2.3899448E-02
 2.2525271E-02
 2.1183356E-02
 --------------------------------------------------------------
 --------------------------------------------------------------
 correct -K(0) pinch with max at -1.5
 7.6627711E-01
 7.6652606E-01
 7.6689895E-01
 7.6751976E-01
 7.6838777E-01
 7.6950220E-01
 7.7086180E-01
 7.7246433E-01
 7.7430786E-01
 7.7639074E-01
 7.7870978E-01
 7.8126199E-01
 7.8404461E-01
 7.8705334E-01
 7.9028488E-01
 7.9373560E-01
 7.9740024E-01
 8.0127485E-01
 8.0535356E-01
 8.0963110E-01
 8.1410222E-01
 8.1876069E-01
 8.2360105E-01
 8.2861523E-01
 8.3379776E-01
 8.3914195E-01
 8.4463970E-01
 8.5028464E-01
 8.5606826E-01
 8.6198280E-01
 8.6801732E-01
 8.7413845E-01
 8.8031288E-01
 8.8653082E-01
 8.9278773E-01
 8.9907764E-01
 9.0539542E-01
 9.1173632E-01
 9.1809465E-01
 9.2446529E-01
 9.3084319E-01
 9.3722331E-01
 9.4360084E-01
 9.4997087E-01
 9.5632882E-01
 9.6267017E-01
 9.6899051E-01
 9.7528571E-01
 9.8155161E-01
 9.8778428E-01
 9.9398068E-01
 1.0001419E+00
 1.0062688E+00
 1.0123583E+00
 1.0184071E+00
 1.0244119E+00
 1.0303694E+00
 1.0362766E+00
 1.0421308E+00
 1.0479294E+00
 1.0536700E+00
 1.0593503E+00
 1.0649682E+00
 1.0705218E+00
 1.0760094E+00
 1.0814293E+00
 1.0867803E+00
 1.0920611E+00
 1.0972707E+00
 1.1024080E+00
 1.1074722E+00
 1.1124627E+00
 1.1173789E+00
 1.1222205E+00
 1.1269871E+00
 1.1316785E+00
 1.1362949E+00
 1.1408361E+00
 1.1453023E+00
 1.1496937E+00
 1.1540198E+00
 1.1583439E+00
 1.1627236E+00
 1.1671566E+00
 1.1716311E+00
 1.1761358E+00
 1.1806598E+00
 1.1851932E+00
 1.1897262E+00
 1.1942498E+00
 1.1987555E+00
 1.2032355E+00
 1.2076827E+00
 1.2120904E+00
 1.2164524E+00
 1.2207635E+00
 1.2250189E+00
 1.2292140E+00
 1.2333449E+00
 1.2374086E+00
 1.2415007E+00
 --------------------------------------------------------------
 --------------------------------------------------------------
 incorrect -K(0) pinch
 1.3262132E+00
 1.3264701E+00
 1.3268544E+00
 1.3274926E+00
 1.3283819E+00
 1.3295184E+00
 1.3308968E+00
 1.3325103E+00
 1.3343514E+00
 1.3364124E+00
 1.3386834E+00
 1.3411542E+00
 1.3438142E+00
 1.3466512E+00
 1.3496534E+00
 1.3528087E+00
 1.3561031E+00
 1.3595241E+00
 1.3630572E+00
 1.3666886E+00
 1.3704051E+00
 1.3741924E+00
 1.3780376E+00
 1.3819260E+00
 1.3858454E+00
 1.3897833E+00
 1.3937266E+00
 1.3976643E+00
 1.4015843E+00
 1.4054761E+00
 1.4093276E+00
 1.4131142E+00
 1.4168141E+00
 1.4204213E+00
 1.4239338E+00
 1.4273489E+00
 1.4306650E+00
 1.4338811E+00
 1.4369957E+00
 1.4400084E+00
 1.4429188E+00
 1.4457270E+00
 1.4484334E+00
 1.4510386E+00
 1.4535435E+00
 1.4559494E+00
 1.4582576E+00
 1.4604698E+00
 1.4625877E+00
 1.4646133E+00
 1.4665490E+00
 1.4683982E+00
 1.4701645E+00
 1.4718498E+00
 1.4734564E+00
 1.4749865E+00
 1.4764422E+00
 1.4778259E+00
 1.4791398E+00
 1.4803866E+00
 1.4815685E+00
 1.4826879E+00
 1.4837474E+00
 1.4847493E+00
 1.4856961E+00
 1.4865900E+00
 1.4874334E+00
 1.4882286E+00
 1.4889779E+00
 1.4896835E+00
 1.4903474E+00
 1.4909717E+00
 1.4915585E+00
 1.4921096E+00
 1.4926270E+00
 1.4931125E+00
 1.4935677E+00
 1.4939945E+00
 1.4943943E+00
 1.4947687E+00
 1.4951198E+00
 1.4954538E+00
 1.4957752E+00
 1.4960837E+00
 1.4963784E+00
 1.4966589E+00
 1.4969245E+00
 1.4971752E+00
 1.4974108E+00
 1.4976316E+00
 1.4978376E+00
 1.4980293E+00
 1.4982071E+00
 1.4983716E+00
 1.4985232E+00
 1.4986627E+00
 1.4987907E+00
 1.4989078E+00
 1.4990148E+00
 1.4991123E+00
 1.4992030E+00
 --------------------------------------------------------------
 --------------------------------------------------------------
 incrrect/correct  -K(0)
 1.7307227E+00
 1.7304958E+00
 1.7301554E+00
 1.7295875E+00
 1.7287911E+00
 1.7277642E+00
 1.7265051E+00
 1.7250121E+00
 1.7232828E+00
 1.7213142E+00
 1.7191044E+00
 1.7166510E+00
 1.7139512E+00
 1.7110037E+00
 1.7078062E+00
 1.7043568E+00
 1.7006556E+00
 1.6967013E+00
 1.6924954E+00
 1.6880387E+00
 1.6833329E+00
 1.6783810E+00
 1.6731858E+00
 1.6677535E+00
 1.6620882E+00
 1.6561957E+00
 1.6500842E+00
 1.6437605E+00
 1.6372343E+00
 1.6305152E+00
 1.6236169E+00
 1.6165794E+00
 1.6094438E+00
 1.6022244E+00
 1.5949298E+00
 1.5875702E+00
 1.5801549E+00
 1.5726927E+00
 1.5651934E+00
 1.5576662E+00
 1.5501201E+00
 1.5425640E+00
 1.5350065E+00
 1.5274559E+00
 1.5199202E+00
 1.5124073E+00
 1.5049245E+00
 1.4974789E+00
 1.4900772E+00
 1.4827259E+00
 1.4754300E+00
 1.4681899E+00
 1.4610057E+00
 1.4538823E+00
 1.4468246E+00
 1.4398374E+00
 1.4329252E+00
 1.4260921E+00
 1.4193418E+00
 1.4126778E+00
 1.4061029E+00
 1.3996201E+00
 1.3932317E+00
 1.3869398E+00
 1.3807464E+00
 1.3746529E+00
 1.3686606E+00
 1.3627705E+00
 1.3569833E+00
 1.3512996E+00
 1.3457199E+00
 1.3402442E+00
 1.3348726E+00
 1.3296047E+00
 1.3244402E+00
 1.3193787E+00
 1.3144192E+00
 1.3095610E+00
 1.3048033E+00
 1.3001451E+00
 1.2955755E+00
 1.2910275E+00
 1.2864408E+00
 1.2818191E+00
 1.2771754E+00
 1.2725222E+00
 1.2678711E+00
 1.2632330E+00
 1.2586181E+00
 1.2540354E+00
 1.2494938E+00
 1.2450009E+00
 1.2405635E+00
 1.2361880E+00
 1.2318799E+00
 1.2276438E+00
 1.2234837E+00
 1.2194035E+00
 1.2154059E+00
 1.2114933E+00
 1.2075733E+00
 --------------------------------------------------------------
 --------------------------------------------------------------
 orbit smeared slowing down alpha profiles
 --------------------------------------------------------------
 smeared alpha density in 10**19 1/m**3
 6.3846783E-01
 6.3846783E-01
 6.3755447E-01
 6.3621813E-01
 6.3419846E-01
 6.3113232E-01
 6.2668624E-01
 6.2071263E-01
 6.1327422E-01
 6.0453186E-01
 5.9462972E-01
 5.8367512E-01
 5.7178744E-01
 5.5913476E-01
 5.4592161E-01
 5.3235190E-01
 5.1859844E-01
 5.0478869E-01
 4.9100180E-01
 4.7727993E-01
 4.6364957E-01
 4.5012505E-01
 4.3671370E-01
 4.2340749E-01
 4.1018268E-01
 3.9700012E-01
 3.8382573E-01
 3.7063734E-01
 3.5744366E-01
 3.4426222E-01
 3.3114800E-01
 3.1817556E-01
 3.0538751E-01
 2.9282574E-01
 2.8050729E-01
 2.6845298E-01
 2.5668656E-01
 2.4522003E-01
 2.3406416E-01
 2.2322057E-01
 2.1270221E-01
 2.0251997E-01
 1.9268420E-01
 1.8319327E-01
 1.7404084E-01
 1.6522070E-01
 1.5672710E-01
 1.4855649E-01
 1.4070044E-01
 1.3315098E-01
 1.2590058E-01
 1.1894383E-01
 1.1227598E-01
 1.0588908E-01
 9.9772626E-02
 9.3916437E-02
 8.8310203E-02
 8.2944391E-02
 7.7809196E-02
 7.2893581E-02
 6.8186445E-02
 6.3676384E-02
 5.9352308E-02
 5.5204703E-02
 5.1227113E-02
 4.7414684E-02
 4.3763667E-02
 4.0270837E-02
 3.6933967E-02
 3.3752476E-02
 3.0729777E-02
 2.7871440E-02
 2.5181438E-02
 2.2660152E-02
 2.0305628E-02
 1.8115441E-02
 1.6087752E-02
 1.4220653E-02
 1.2510159E-02
 1.0949876E-02
 9.5322422E-03
 8.2490244E-03
 7.0925305E-03
 6.0567368E-03
 5.1353176E-03
 4.3202874E-03
 3.6032627E-03
 2.9766479E-03
 2.4346676E-03
 1.9713212E-03
 1.5778051E-03
 1.2442579E-03
 9.6241494E-04
 7.2780586E-04
 5.3865821E-04
 3.9407742E-04
 2.9347121E-04
 2.3473187E-04
 2.1114109E-04
 2.0856535E-04
 2.1227235E-04
 --------------------------------------------------------------
 --------------------------------------------------------
 gradient slowing down alpha profiles
 --------------------------------------------------------------
 alpha density gradient in 10**19 1/m**3 per m
    0.000000000000000     
 2.2441486E-01
 2.1201478E-01
 1.9043345E-01
 2.2989523E-01
 5.2118008E-01
 9.5022235E-01
 1.2571550E+00
 1.4600161E+00
 1.6190210E+00
 1.8023964E+00
 2.0196284E+00
 2.1950552E+00
 2.2981754E+00
 2.3667298E+00
 2.4056707E+00
 2.4067934E+00
 2.3914481E+00
 2.3771798E+00
 2.3694515E+00
 2.3532120E+00
 2.3256861E+00
 2.3001706E+00
 2.2806097E+00
 2.2667708E+00
 2.2641871E+00
 2.2720254E+00
 2.2826117E+00
 2.2927338E+00
 2.2964641E+00
 2.2763237E+00
 2.2335075E+00
 2.1899194E+00
 2.1515160E+00
 2.1138728E+00
 2.0654226E+00
 2.0069263E+00
 1.9509131E+00
 1.8998322E+00
 1.8506542E+00
 1.7933886E+00
 1.7281788E+00
 1.6652085E+00
 1.6064894E+00
 1.5509939E+00
 1.4948004E+00
 1.4373813E+00
 1.3809651E+00
 1.3268119E+00
 1.2766107E+00
 1.2266853E+00
 1.1748811E+00
 1.1241616E+00
 1.0764604E+00
 1.0315695E+00
 9.8770662E-01
 9.4487343E-01
 9.0415982E-01
 8.6547886E-01
 8.2832893E-01
 7.9297103E-01
 7.6021581E-01
 7.2980488E-01
 7.0060780E-01
 6.7200642E-01
 6.4374535E-01
 6.1607626E-01
 5.8919798E-01
 5.6294726E-01
 5.3725666E-01
 5.0967249E-01
 4.7953865E-01
 4.4927050E-01
 4.2014627E-01
 3.9227087E-01
 3.6424126E-01
 3.3572602E-01
 3.0788925E-01
 2.8111114E-01
 2.5538948E-01
 2.3154483E-01
 2.0956267E-01
 1.8845019E-01
 1.6789017E-01
 1.4811907E-01
 1.3052492E-01
 1.1507055E-01
 1.0026515E-01
 8.5721146E-02
 7.1909251E-02
 6.0772404E-02
 5.2241832E-02
 4.4310661E-02
 3.6481925E-02
 2.8720934E-02
 2.1054197E-02
 1.3477215E-02
 5.9157489E-03
-1.7047702E-03
-2.7688906E-03
-0.0000000E+00
 --------------------------------------------------------------
 --------------------------------------------------------
 normed inverse temerpature gradient length
  slowing down alpha profiles:  a/LT_alpha
 --------------------------------------------------------------
    0.000000000000000     
 1.7864662E-02
 2.8576923E-02
 4.2880738E-02
 5.7219024E-02
 7.1602395E-02
 8.6012992E-02
 1.0045447E-01
 1.1496727E-01
 1.2953765E-01
 1.4414843E-01
 1.5883487E-01
 1.7358016E-01
 1.8839182E-01
 2.0331964E-01
 2.1833212E-01
 2.3345072E-01
 2.4868096E-01
 2.6398351E-01
 2.7940412E-01
 2.9491131E-01
 3.1049885E-01
 3.2615868E-01
 3.4192993E-01
 3.5782778E-01
 3.7376494E-01
 3.8979932E-01
 4.0602355E-01
 4.2221426E-01
 4.3813605E-01
 4.5316586E-01
 4.6620474E-01
 4.7801610E-01
 4.8976645E-01
 5.0142737E-01
 5.1309458E-01
 5.2472978E-01
 5.3632667E-01
 5.4785084E-01
 5.5929777E-01
 5.7067455E-01
 5.8194247E-01
 5.9312420E-01
 6.0416658E-01
 6.1511220E-01
 6.2590036E-01
 6.3655175E-01
 6.4704231E-01
 6.5733644E-01
 6.6751125E-01
 6.7777541E-01
 6.8837904E-01
 6.9909589E-01
 7.0963092E-01
 7.1998124E-01
 7.3010867E-01
 7.3998310E-01
 7.4964910E-01
 7.5906752E-01
 7.6821143E-01
 7.7710580E-01
 7.8573310E-01
 7.9406159E-01
 8.0211504E-01
 8.0988384E-01
 8.1733008E-01
 8.2447733E-01
 8.3136060E-01
 8.3791071E-01
 8.4410652E-01
 8.5002202E-01
 8.5562137E-01
 8.6086300E-01
 8.6579464E-01
 8.7042525E-01
 8.7469794E-01
 8.7866156E-01
 8.8234441E-01
 8.8563956E-01
 8.8954865E-01
 9.0086420E-01
 9.2522535E-01
 9.5654703E-01
 9.8774126E-01
 1.0175405E+00
 1.0460164E+00
 1.0731779E+00
 1.0988063E+00
 1.1231423E+00
 1.1459101E+00
 1.1671565E+00
 1.1870199E+00
 1.2052221E+00
 1.2220714E+00
 1.2372141E+00
 1.2510709E+00
 1.2631447E+00
 1.2730732E+00
 1.2820187E+00
 1.3057261E+00
 1.3344276E+00
 --------------------------------------------------------------
 --------------------------------------------------------
 normed inverse density gradient length
  slowing down alpha profiles:  a/Ln_alpha
 --------------------------------------------------------------
    0.000000000000000     
 2.0339883E-01
 1.9243528E-01
 1.7321004E-01
 2.0976867E-01
 4.7786283E-01
 8.7742690E-01
 1.1720176E+00
 1.3776497E+00
 1.5497767E+00
 1.7540403E+00
 2.0023323E+00
 2.2215019E+00
 2.3784967E+00
 2.5087319E+00
 2.6150093E+00
 2.6856133E+00
 2.7414934E+00
 2.8016559E+00
 2.8728338E+00
 2.9370211E+00
 2.9898801E+00
 3.0478886E+00
 3.1169389E+00
 3.1979095E+00
 3.3003313E+00
 3.4254289E+00
 3.5638443E+00
 3.7117772E+00
 3.8601675E+00
 3.9778439E+00
 4.0621547E+00
 4.1496620E+00
 4.2517840E+00
 4.3608440E+00
 4.4522194E+00
 4.5244330E+00
 4.6038148E+00
 4.6969527E+00
 4.7976318E+00
 4.8790837E+00
 4.9380635E+00
 5.0010176E+00
 5.0746279E+00
 5.1569721E+00
 5.2354572E+00
 5.3071792E+00
 5.3793147E+00
 5.4569476E+00
 5.5481726E+00
 5.6382106E+00
 5.7159426E+00
 5.7939903E+00
 5.8827816E+00
 5.9830544E+00
 6.0858637E+00
 6.1915390E+00
 6.3080343E+00
 6.4366723E+00
 6.5758122E+00
 6.7296912E+00
 6.9086686E+00
 7.1154932E+00
 7.3440351E+00
 7.5911820E+00
 7.8566445E+00
 8.1462294E+00
 8.4665495E+00
 8.8201834E+00
 9.2111114E+00
 9.5977103E+00
 9.9563481E+00
 1.0324362E+01
 1.0729353E+01
 1.1179066E+01
 1.1635260E+01
 1.2076066E+01
 1.2528839E+01
 1.3003225E+01
 1.3496764E+01
 1.4056458E+01
 1.4701011E+01
 1.5375570E+01
 1.6040667E+01
 1.6690891E+01
 1.7483028E+01
 1.8480091E+01
 1.9492089E+01
 2.0374368E+01
 2.1108785E+01
 2.2288914E+01
 2.4296507E+01
 2.6642915E+01
 2.9006682E+01
 3.0854687E+01
 3.0916691E+01
 2.6574832E+01
 1.4583895E+01
-4.6722808E+00
-7.6824455E+00
-0.0000000E+00
 --------------------------------------------------------------
 --------------------------------------------------------
 gradient orbit smeared slowing down alpha profiles
 --------------------------------------------------------------
 smeared alpha density gradient in 10**19 1/m**3 per m
 0.0000000E+00
 7.8873918E-02
 1.9427809E-01
 2.8982649E-01
 4.3923480E-01
 6.4882826E-01
 8.9999501E-01
 1.1585020E+00
 1.3976806E+00
 1.6104710E+00
 1.8014767E+00
 1.9728183E+00
 2.1192375E+00
 2.2334077E+00
 2.3123174E+00
 2.3587797E+00
 2.3794908E+00
 2.3825460E+00
 2.3751143E+00
 2.3618093E+00
 2.3448665E+00
 2.3258379E+00
 2.3069531E+00
 2.2910470E+00
 2.2805006E+00
 2.2761542E+00
 2.2767754E+00
 2.2792189E+00
 2.2790132E+00
 2.2714422E+00
 2.2534475E+00
 2.2251942E+00
 2.1894624E+00
 2.1490260E+00
 2.1049865E+00
 2.0573289E+00
 2.0064958E+00
 1.9537369E+00
 1.8999309E+00
 1.8448388E+00
 1.7877346E+00
 1.7287494E+00
 1.6690754E+00
 1.6100338E+00
 1.5521497E+00
 1.4952527E+00
 1.4391816E+00
 1.3841412E+00
 1.3304739E+00
 1.2781968E+00
 1.2270063E+00
 1.1767094E+00
 1.1275331E+00
 1.0799140E+00
 1.0340944E+00
 9.9004197E-01
 9.4767909E-01
 9.0702539E-01
 8.6816597E-01
 8.3119121E-01
 7.9617352E-01
 7.6310913E-01
 7.3180724E-01
 7.0189227E-01
 6.7296310E-01
 6.4475666E-01
 6.1715213E-01
 5.9004446E-01
 5.6316504E-01
 5.3602105E-01
 5.0812529E-01
 4.7940524E-01
 4.5028946E-01
 4.2131848E-01
 3.9273668E-01
 3.6450133E-01
 3.3659228E-01
 3.0921026E-01
 2.8270294E-01
 2.5739636E-01
 2.3347443E-01
 2.1091003E-01
 1.8952650E-01
 1.6922605E-01
 1.5014423E-01
 1.3248042E-01
 1.1620153E-01
 1.0106479E-01
 8.6958010E-02
 7.4122603E-02
 6.2900312E-02
 5.3248808E-02
 4.4691239E-02
 3.6679701E-02
 2.8890615E-02
 2.1232074E-02
 1.3800361E-02
 7.1279946E-03
 2.2656010E-03
-9.7978349E-05
-6.4223532E-04
 --------------------------------------------------------------
 --------------------------------------------------------
 normed log_e gradient slowing down alpha profiles
 --------------------------------------------------------------
    0.000000000000000     
 2.0313773E-01
 1.9230120E-01
 1.7304269E-01
 2.0924229E-01
 4.7557275E-01
 8.7314487E-01
 1.1673954E+00
 1.3733250E+00
 1.5453391E+00
 1.7486521E+00
 1.9964308E+00
 2.2165002E+00
 2.3748973E+00
 2.5062521E+00
 2.6139430E+00
 2.6856287E+00
 2.7420317E+00
 2.8022615E+00
 2.8735745E+00
 2.9382543E+00
 2.9913400E+00
 3.0492350E+00
 3.1179782E+00
 3.1984707E+00
 3.3001828E+00
 3.4248347E+00
 3.5631438E+00
 3.7114935E+00
 3.8611312E+00
 3.9809977E+00
 4.0666376E+00
 4.1545403E+00
 4.2569600E+00
 4.3668752E+00
 4.4598436E+00
 4.5329293E+00
 4.6125409E+00
 4.7059686E+00
 4.8075987E+00
 4.8909434E+00
 4.9509773E+00
 5.0142676E+00
 5.0880558E+00
 5.1708803E+00
 5.2503954E+00
 5.3229000E+00
 5.3956312E+00
 5.4735239E+00
 5.5651767E+00
 5.6565298E+00
 5.7353806E+00
 5.8140081E+00
 5.9030784E+00
 6.0039105E+00
 6.1076399E+00
 6.2140241E+00
 6.3311138E+00
 6.4604495E+00
 6.6003741E+00
 6.7547773E+00
 6.9341705E+00
 7.1419347E+00
 7.3722132E+00
 7.6216629E+00
 7.8899132E+00
 8.1823445E+00
 8.5061487E+00
 8.8641914E+00
 9.2618640E+00
 9.6598466E+00
 1.0029347E+01
 1.0406690E+01
 1.0820592E+01
 1.1282214E+01
 1.1755754E+01
 1.2214734E+01
 1.2685532E+01
 1.3179532E+01
 1.3693399E+01
 1.4272263E+01
 1.4945451E+01
 1.5659387E+01
 1.6371702E+01
 1.7066761E+01
 1.7893242E+01
 1.8956108E+01
 2.0071777E+01
 2.1077663E+01
 2.1905158E+01
 2.3103807E+01
 2.5251817E+01
 2.7919739E+01
 3.0813385E+01
 3.3445618E+01
 3.4478855E+01
 3.0729067E+01
 1.7311350E+01
-5.3190127E+00
-7.3689476E+00
-0.0000000E+00
 --------------------------------------------------------------
 --------------------------------------------------------
  slowing down alpha profiles normed to local electron density
 --------------------------------------------------------------
 3.4232159E-01
 3.4169584E-01
 3.4110753E-01
 3.4064528E-01
 3.4031495E-01
 3.3973472E-01
 3.3771921E-01
 3.3458209E-01
 3.3072876E-01
 3.2635004E-01
 3.2148647E-01
 3.1592668E-01
 3.0966866E-01
 3.0297889E-01
 2.9604969E-01
 2.8891486E-01
 2.8174057E-01
 2.7461788E-01
 2.6758183E-01
 2.6061317E-01
 2.5371187E-01
 2.4694873E-01
 2.4033731E-01
 2.3385674E-01
 2.2747166E-01
 2.2113107E-01
 2.1475002E-01
 2.0829324E-01
 2.0175013E-01
 1.9511849E-01
 1.8843218E-01
 1.8182189E-01
 1.7531145E-01
 1.6888743E-01
 1.6253512E-01
 1.5626376E-01
 1.5014022E-01
 1.4416713E-01
 1.3832635E-01
 1.3260035E-01
 1.2698873E-01
 1.2154264E-01
 1.1626185E-01
 1.1113094E-01
 1.0613765E-01
 1.0127726E-01
 9.6566626E-02
 9.2006025E-02
 8.7595992E-02
 8.3326863E-02
 7.9187044E-02
 7.5192155E-02
 7.1346662E-02
 6.7645415E-02
 6.4078324E-02
 6.0641519E-02
 5.7336862E-02
 5.4159198E-02
 5.1101847E-02
 4.8159147E-02
 4.5327644E-02
 4.2599798E-02
 3.9965275E-02
 3.7417576E-02
 3.4954834E-02
 3.2574847E-02
 3.0277443E-02
 2.8059126E-02
 2.5919040E-02
 2.3854948E-02
 2.1866531E-02
 1.9972524E-02
 1.8178595E-02
 1.6483974E-02
 1.4884155E-02
 1.3377499E-02
 1.1971205E-02
 1.0666804E-02
 9.4616677E-03
 8.3536348E-03
 7.3400401E-03
 6.4111914E-03
 5.5637717E-03
 4.7969512E-03
 4.1104594E-03
 3.5008959E-03
 2.9547267E-03
 2.4683638E-03
 2.0422053E-03
 1.6769837E-03
 1.3685202E-03
 1.0974186E-03
 8.5926979E-04
 6.5494077E-04
 4.8580200E-04
 3.5355174E-04
 2.6005671E-04
 2.0755136E-04
 1.9940015E-04
 2.4039279E-04
 2.4826877E-04
 --------------------------------------------------------------
 --------------------------------------------------------
  bannana half width relative to r_minor
 --------------------------------------------------------------
 8.3593861E-01
 2.5754601E-02
 2.5751839E-02
 2.5747237E-02
 2.5740793E-02
 2.5732502E-02
 2.5722360E-02
 2.5710369E-02
 2.5696524E-02
 2.5680816E-02
 2.5663246E-02
 2.5643809E-02
 2.5622496E-02
 2.5599308E-02
 2.5574235E-02
 2.5547267E-02
 2.5518406E-02
 2.5487640E-02
 2.5454970E-02
 2.5420391E-02
 2.5383895E-02
 2.5345482E-02
 2.5305143E-02
 2.5262889E-02
 2.5218708E-02
 2.5172598E-02
 2.5124569E-02
 2.5074613E-02
 2.5022743E-02
 2.4968964E-02
 2.4913311E-02
 2.4856034E-02
 2.4797396E-02
 2.4737448E-02
 2.4676196E-02
 2.4613658E-02
 2.4549847E-02
 2.4484775E-02
 2.4418463E-02
 2.4350931E-02
 2.4282198E-02
 2.4212287E-02
 2.4141220E-02
 2.4069025E-02
 2.3995725E-02
 2.3921349E-02
 2.3845926E-02
 2.3769483E-02
 2.3692054E-02
 2.3613670E-02
 2.3534357E-02
 2.3454086E-02
 2.3372830E-02
 2.3290619E-02
 2.3207484E-02
 2.3123463E-02
 2.3038594E-02
 2.2952915E-02
 2.2866467E-02
 2.2779287E-02
 2.2691417E-02
 2.2602898E-02
 2.2513771E-02
 2.2424078E-02
 2.2333862E-02
 2.2243164E-02
 2.2152027E-02
 2.2060493E-02
 2.1968602E-02
 2.1876398E-02
 2.1783925E-02
 2.1691222E-02
 2.1598332E-02
 2.1505295E-02
 2.1412152E-02
 2.1318944E-02
 2.1225706E-02
 2.1132479E-02
 2.1039301E-02
 2.0946209E-02
 2.0853040E-02
 2.0758433E-02
 2.0661065E-02
 2.0560896E-02
 2.0458101E-02
 2.0352863E-02
 2.0245363E-02
 2.0135781E-02
 2.0024304E-02
 1.9911112E-02
 1.9796397E-02
 1.9680340E-02
 1.9563117E-02
 1.9444912E-02
 1.9325905E-02
 1.9206262E-02
 1.9086149E-02
 1.8965738E-02
 1.8845186E-02
 1.8724641E-02
 1.8601256E-02
 --------------------------------------------------------------
