 Diffusion coefficient for EP species 1 (ITER normalization) in m^2/s
   1.4085529064433646E-003
   2.2707893049443640E-002
   4.7913690474907671E-002
   6.4970840903615004E-002
   9.0355486305811569E-002
   0.1258246459692130     
   0.1607410577201338     
   0.1867401910215104     
   0.2171045648193814     
   0.2365688945727542     
   0.2612583882570258     
   0.2862484858957030     
   0.3177035701540128     
   0.3515948128865418     
   0.3848087024181047     
   0.4160521016125983     
   0.4569010841855203     
   0.5013634255383753     
   0.5611567013561938     
   0.6165370328410931     
   0.6891840161408941     
   0.7535839136474177     
   0.8075343325270086     
   0.8439518128451807     
   0.8907045694338080     
   0.9359737685672695     
   0.9796090244976593     
    1.035029785091530     
    1.105174298286605     
    1.194026117711095     
    1.287067123062620     
    1.375762270084257     
    1.513536721301435     
    1.718911863807129     
    2.031525585972603     
    2.397092446528329     
    2.900414737742966     
    3.347123199653192     
    3.628881001308289     
    3.727933015907138     
    3.864719203596363     
    4.002316835799956     
    4.116521115820540     
    4.191330907035209     
    4.231315064277511     
    4.270151537441643     
    4.310904870931422     
    4.294731023135243     
    4.195651523807303     
    4.027594461199591     
    3.864459608725595     
    3.695806124744348     
    3.515540938427529     
    3.374649381121884     
    3.272070038909130     
    3.213410181372804     
    3.135735840892953     
    3.050500003081090     
    2.981012549239535     
    2.919671829326454     
    2.882171851295313     
    2.806401729734734     
    2.794113904314450     
    2.632775362484900     
    2.389965270890980     
    2.029154734516075     
    1.863689610330817     
    1.572707678441782     
    1.528042885473757     
    1.425574163089104     
    1.535832776887414     
    1.471816764528592     
    1.558628814749530     
    1.496786334155794     
    1.354091072922808     
    1.236577791907463     
    1.026997641896851     
    1.049836852231534     
   0.7830701348833259     
   0.9193339008384414     
   0.7327522560104219     
    1.020640160671186     
   0.8567811351422808     
    1.176999065014758     
    1.024831141377220     
    1.292503934887714     
    1.065643857938071     
    1.263220531271306     
    1.097382414467028     
    1.240295181129243     
    1.174084318989437     
    1.309736747331043     
    1.328528070279949     
    1.372800092645767     
    1.484521784161563     
    1.527309560189986     
    2.240103370099196     
    1.914073384772782     
    5.235708696179786     
    5.964342560497201     
    15.28298791757334     
   3.5655711165674014E-004   : relative error in solution
