 Diffusion coefficient for EP species 1 (natural normalization) in m^2/s
   1.0000000000000000E-003
   1.6140542618962292E-002
   3.4097237775152493E-002
   4.6291388925760096E-002
   6.4455844008030325E-002
   8.9867668031300904E-002
   0.1149472266413346     
   0.1337049242146955     
   0.1556397521892944     
   0.1697620802984516     
   0.1876214972547158     
   0.2058731129146342     
   0.2288942125066623     
   0.2537271397964947     
   0.2780590561357893     
   0.3009812400976450     
   0.3309543519990782     
   0.3637007254394694     
   0.4077142870845373     
   0.4485889968666115     
   0.5020792211440296     
   0.5496957237651660     
   0.5897778513832020     
   0.6171281486135011     
   0.6520985238623709     
   0.6860344579588463     
   0.7188138783246464     
   0.7602467150479179     
   0.8125221148618353     
   0.8786197344441798     
   0.9478860088958564     
    1.013984718186208     
    1.116348610359622     
    1.268713812579435     
    1.500382503481551     
    1.771321528919876     
    2.144242920472589     
    2.475532198152327     
    2.684938708885928     
    2.759121585544153     
    2.861091039717492     
    2.963530060742233     
    3.048475484220435     
    3.104119577821741     
    3.133919494132452     
    3.162763826928753     
    3.192840548337520     
    3.180520304353328     
    3.106621911410481     
    2.981621212534519     
    2.860180004844673     
    2.734599019935391     
    2.600374139101231     
    2.495203434509915     
    2.418278707253465     
    2.373774051148425     
    2.315197191499596     
    2.251023211847168     
    2.198404639541788     
    2.151746913250992     
    2.122594808954925     
    2.065224351068191     
    2.054534191597894     
    1.934295537899048     
    1.754341469150471     
    1.488073399394247     
    1.365353485803445     
    1.150962013028996     
    1.117054929180783     
    1.040952796442632     
    1.120100386983298     
    1.072037521769278     
    1.133730712222317     
    1.087210392172775     
   0.9821130275328924     
   0.8955020991082933     
   0.7425160742359013     
   0.7577159945835871     
   0.5641544344837535     
   0.6610645449641819     
   0.5258554332145440     
   0.7309401665121772     
   0.6122636717693785     
   0.8391859452800153     
   0.7289488785897957     
   0.9170402115369960     
   0.7540746672145424     
   0.8913282582677684     
   0.7719773143982740     
   0.8697197894164763     
   0.8205219606600785     
   0.9120651150810354     
   0.9216584199745299     
   0.9484808048764820     
    1.021181430037970     
    1.045940898144339     
    1.527282448384197     
    1.299087243113399     
    3.536900402283036     
    4.011933564876516     
    10.24288411246689     
   3.5655711165674014E-004   : relative error in solution
