TGLFEP_complete_output.f90:!    l_exclude = ( l_exclude .or. (profile_in(ir_in) .gt. 9000.0) )        ! 10000. test (no result)
TGLFEP_complete_output.f90:!! ----- Obsolete coding to smoothly fill in scale factor up to 10.0 -----
TGLFEP_complete_output.f90:!!    profile_out(1:ir_mark(1)-3) =  10.0     !   factor_profile(1)
TGLFEP_complete_output.f90:!!    profile_out(1:ir_mark(1)) = 10.0 -  & ! factor_profile(1) - &
TGLFEP_complete_output.f90:!!         (10.0 - profile_out(ir_1)) * &
TGLFEP_complete_output.f90:!! ----- More obsolete coding to smoothly fill in scale factor up to 10.0 at edges. -----
TGLFEP_complete_output.f90:!!    profile_out(ir_mark(ir_counter_max)+3:nr) = 10.0   !  factor_profile(n_scan)
TGLFEP_complete_output.f90:!!         (10.0-profile_out(ir_1)) * &
TGLFEP_driver.f90:    read(22,*,end=100) input_profile_method                                       ! EMB 10/2018
TGLFEP_driver.f90:  ! EMB 10/2020
TGLFEP_driver.f90:100 continue
TGLFEP_driver.f90:  select case (input_profile_method)              ! EMB 10/2018
TGLFEP_driver.f90:!      nn = 10
TGLFEP_driver.f90:  str_r = achar(ir/100+iachar("0"))//achar(mod(ir,100)/10+iachar("0"))//achar(mod(ir,10)+iachar("0"))
TGLFEP_driver.f90:!  goto 1000
TGLFEP_driver.f90:!        write(11,10) SFmin
TGLFEP_driver.f90:            write(11,10) SFmin(i)
TGLFEP_driver.f90:          dndr_crit(:) = 10000.
TGLFEP_driver.f90:          write(22,'(A33)') 'Density critical gradient (10^19/m^4)'
TGLFEP_driver.f90:          write(22,10) dndr_crit_out
TGLFEP_driver.f90:!        dpdr_EP(:) = EXPRO_ni(is_EP,:)*EXPRO_Ti(is_EP,:)*(EXPRO_dlnnidr(is_EP,:)+EXPRO_dlntidr(is_EP,:))*0.16022  ! 10 kPa/m
TGLFEP_driver.f90:          dpdr_crit = 10000.
TGLFEP_driver.f90:          dpdr_EP(:) = EXPRO_ni(is_EP,:)*EXPRO_Ti(is_EP,:)*(EXPRO_dlnnidr(is_EP,:)+EXPRO_dlntidr(is_EP,:))*0.16022  ! 10 kPa/m
TGLFEP_driver.f90:          write(22,'(A37)') 'Pressure critical gradient (10 kPa/m)'
TGLFEP_driver.f90:          write(22,10) dpdr_crit_out
TGLFEP_driver.f90:          write(11,10) SFmin(i)*as(irs+i-1,is)*100. !percent
TGLFEP_driver.f90:            write(11,10) SFmin(i)*betae(irs+i-1)*100.*as(irs+i-1,is)*taus(irs+i-1,is) !percent
TGLFEP_driver.f90:            write(11,10) SFmin(i)*betae(irs+i-1)*100.*as(irs+i-1,is)*taus(irs+i-1,is)*kappa(irs+i-1)**2 !percent
TGLFEP_driver.f90:        write(6,*) DEP_trace_scan(jtscale,i), DEP_trace_scan(jtscale,i)/(QL_ratio_scan(jtscale,i)+1.0E-10), QL_ratio_scan(jtscale,i)
TGLFEP_driver.f90:        write(6,*) DEP_trace_complete(i), DEP_trace_complete(i)/(QL_ratio_complete(i)+1.0E-10), QL_ratio_complete(i)
TGLFEP_driver.f90:10 format(F12.4)
TGLFEP_driver.f90:1000 continue
TGLFEP_generate_input.f90:           zeta(j) = zeta_min + ran_arr(4*ns+10)*(zeta_max-zeta_min)
TGLFEP_generate_input.f90:  character(10) :: entry_1
TGLFEP_generate_input.f90:  character(10) :: entry_2
TGLFEP_generate_input.f90:!    read (line,10) var_min, var_max
TGLFEP_generate_input.f90:!  10 format ('(',G,',',G)
TGLFEP_generate_input.f90:  10 format('(',G,G)
TGLFEP_interface.f90:  integer :: input_profile_method=1      ! EMB 10/2018
TGLFEP_interface.f90:  real, dimension(10) :: m_i  = 1.0
TGLFEP_interface.f90:  real, dimension(10) :: q_i  = 1.0
TGLFEP_kwscale_scan.f90:      str_sf =  achar(mod(floor(factor_in/100.),10)+iachar("0"))  //  &
TGLFEP_kwscale_scan.f90:                achar(mod(floor(factor_in/10.),10)+iachar("0"))   //  &
TGLFEP_kwscale_scan.f90:                achar(mod(floor(factor_in),10)+iachar("0"))       //  &
TGLFEP_kwscale_scan.f90:                achar(mod(floor(10*factor_in),10)+iachar("0"))    //  &
TGLFEP_kwscale_scan.f90:                achar(mod(floor(100*factor_in),10)+iachar("0"))   //  &
TGLFEP_kwscale_scan.f90:                achar(mod(floor(1000*factor_in),10)+iachar("0"))
TGLFEP_kwscale_scan.f90:          gamma_g2 = 100.0
TGLFEP_kwscale_scan.f90:!      f_guess_mark = 10000.0
TGLFEP_kwscale_scan.f90:          write(88,10)factor(ifactor),(g(n),f(n),keep_label(n),n=1,nmodes)
TGLFEP_kwscale_scan.f90:    if (fmark .lt. 1.0E10) then     ! accepted mode with all constraints
TGLFEP_kwscale_scan.f90:      f1 = 10.*f1
TGLFEP_kwscale_scan.f90:    factor_in = 10000. !NaN, no threshold found
TGLFEP_kwscale_scan.f90:10 format(F11.4,4(2F14.7,A4))
TGLFEP_kwscale_scan.f90:25 format(I4,A30,I2,A10,I2,':',I2,':',I2)
TGLFEP_kwscale_scan.f90:30 format(I4,I4,I4,A30,I2,A10,I2,':',I2,':',I2)
TGLFEP_kwscale_scan.f90:60 format(A27,F8.4,A12,F8.4,A1,A10,F8.4,A16,F10.4,A20)
TGLFEP_ky.f90:      write (22,'(F10.6,4E16.6E3)') angle_out(i), real(wavefunction_out(n_out,1,i)), aimag(wavefunction_out(n_out,1,i)),&
TGLFEP_ky_nEPscan.f90:    factor(i) = real(i)/10.0
TGLFEP_ky_nEPscan.f90:        write(20,10)factor(ifactor),(g(n),f(n),n=1,nmodes)
TGLFEP_ky_nEPscan.f90:10 format(F5.2,8F12.7)
TGLFEP_ky_widthscan.f90:    str_width = achar(floor(width_in)+iachar("0"))//'.'//achar(mod(floor(10*width_in),10)+iachar("0"))&
TGLFEP_ky_widthscan.f90:                //achar(mod(floor(100*width_in),10)+iachar("0"))
TGLFEP_ky_widthscan.f90:        write(9,10)w,(g(n),f(n),n=1,nmodes)
TGLFEP_ky_widthscan.f90:10 format(F5.2,8F12.7)
TGLFEP_mainsub.f90:      ! case(3) !The gamma and frequency vs nEP, like FIG. 4 in BassWaltz2010
TGLFEP_mainsub.f90:      scan_factor = real(color+1)/10.0   !for a/Ln_EP scan, usually to calculate C_R
TGLFEP_mainsub.f90:1000 continue
TGLFEP_read_EXPRO.f90:  do j = 1, nr                                                ! EMB 10-25-2021
TGLFEP_scalefactor.f90:  integer,parameter :: nfactor = 10
TGLFEP_scalefactor.f90:    str_sf =  achar(mod(floor(factor_in/100.),10)+iachar("0"))  //  &
TGLFEP_scalefactor.f90:              achar(mod(floor(factor_in/10.),10)+iachar("0"))   //  &
TGLFEP_scalefactor.f90:              achar(mod(floor(factor_in),10)+iachar("0"))       //  &
TGLFEP_scalefactor.f90:              achar(mod(floor(10*factor_in),10)+iachar("0"))    //  &
TGLFEP_scalefactor.f90:              achar(mod(floor(100*factor_in),10)+iachar("0"))   //  &
TGLFEP_scalefactor.f90:              achar(mod(floor(1000*factor_in),10)+iachar("0"))
TGLFEP_scalefactor.f90:          write(88,10)factor(i),(g(n),f(n),keep_label(n),n=1,nmodes)
TGLFEP_scalefactor.f90:    factor_in = 10000. !NaN, no threshold found
TGLFEP_scalefactor.f90:10 format(F8.4,4(2F14.7,A4))
TGLFEP_scalefactor.f90:25 format(I4,A30,I2,A10,I2,':',I2,':',I2)
TGLFEP_scalefactor.f90:30 format(I4,I4,I4,A30,I2,A10,I2,':',I2,':',I2)
TGLFEP_tglf_map.f90:    select case(pprime_method)    ! pprime_method added 10-9-2024, EMB
TGLFEP_tglf_map.f90:      write(21,10) as(:,i)
TGLFEP_tglf_map.f90:      write(21,10) taus(:,i)
TGLFEP_tglf_map.f90:    write(21,10) rlns(:,i)
TGLFEP_tglf_map.f90:    write(21,10) rlts(:,i)
TGLFEP_tglf_map.f90:    write(21,10) rmin
TGLFEP_tglf_map.f90:    write(21,10) rmaj
TGLFEP_tglf_map.f90:    write(21,10) q
TGLFEP_tglf_map.f90:    write(21,10) shear
TGLFEP_tglf_map.f90:    write(21,10) alpha
TGLFEP_tglf_map.f90:    write(21,10) rmin
TGLFEP_tglf_map.f90:    write(21,10) rmaj
TGLFEP_tglf_map.f90:    write(21,10) q
TGLFEP_tglf_map.f90:    write(21,10) shear
TGLFEP_tglf_map.f90:    write(21,10) q_prime
TGLFEP_tglf_map.f90:    write(21,10) p_prime
TGLFEP_tglf_map.f90:    write(21,10) shift
TGLFEP_tglf_map.f90:    write(21,10) kappa
TGLFEP_tglf_map.f90:    write(21,10) s_kappa
TGLFEP_tglf_map.f90:    write(21,10) delta
TGLFEP_tglf_map.f90:    write(21,10) s_delta
TGLFEP_tglf_map.f90:    write(21,10) zeta
TGLFEP_tglf_map.f90:    write(21,10) s_zeta
TGLFEP_tglf_map.f90:  write(21,10) zeff
TGLFEP_tglf_map.f90:  write(21,10) betae
TGLFEP_tglf_map.f90:  write(21,10) rho_star*q/rmin
TGLFEP_tglf_map.f90:  !write(21,10) omega_TAE
TGLFEP_tglf_map.f90:10  format(F11.6)
TGLFEP_TM.f90:    write(15,10)ky_out,(growthrate_out(n),frequency_out(n),n=1,nmodes)
TGLFEP_TM.f90:10 format(F8.4,8F12.7)
TGLFEP_TM.f90:  write(str_file,'(A10,I1)')'out.flux_m',mode_in
TGLFEP_TM.f90:        write(16,10)ky1,pflux_out,eflux_out
TGLFEP_TM.f90:10 format(F8.4,2F12.7)
TGLFEP_TM.f90:    write(17,10)get_ky_spectrum_out(i),phi
TGLFEP_TM.f90: 10 format(F8.4,F12.7)
