TGLFEP_driver.f90:    if ((process_in .eq. 4).or.(process_in.eq.5).or.(process_in.eq.6)) then
TGLFEP_driver.f90:! EMB 5-26-2021
TGLFEP_driver.f90:    if (process_in .ne. 5) then           ! Factor rescale disabled for process_in=5
TGLFEP_driver.f90:  if ((process_in .eq. 4).or.(process_in .eq. 5).or.(process_in .eq. 6)) then
TGLFEP_driver.f90:      nn = 5
TGLFEP_driver.f90:      nn = 15
TGLFEP_driver.f90:  values(5) = modulo(values_end(5)-values_begin(5),24)
TGLFEP_driver.f90:  if (values_end(6) .lt. values_begin(6)) values(5) = values(5) - 1
TGLFEP_driver.f90:  if (id .eq. 0) print *, "Run time: ", values(5), ':', values(6), ':', values(7)
TGLFEP_driver.f90:    if ((process_in .eq. 4) .or. (process_in .eq. 5) .or. (process_in .eq. 6)) write(18,*) 'threshold_flag = ',threshold_flag
TGLFEP_driver.f90:  if ((process_in .eq. 4).or.(process_in .eq. 5).or.(process_in .eq. 6)) then !print out 'density threshold'
TGLFEP_driver.f90:              if ((process_in .eq. 4).or.(process_in.eq.5)) then
TGLFEP_driver.f90:        write(11,*) 'a/Ln_EP multiplied by: 0.1, 0.2, ..., 1.5'
TGLFEP_driver.f90:  endif       ! process_in = 4 or 5
TGLFEP_driver.f90:  if ((process_in .eq. 4) .or. (process_in .eq. 5) .or. (process_in .eq. 6)) deallocate(factor_out)
TGLFEP_EPflux.f90:             (0.5*EXPRO_ne(ir)*( tglf_rlts_in(1)+tglf_as_in(2)*tglf_taus_in(2)*tglf_rlts_in(3) ))
TGLFEP_generate_input.f90:  real, parameter :: pi=3.14159265359
TGLFEP_generate_input.f90:      open(unit=55,file='input.TGLFEP.generate',status='old')
TGLFEP_generate_input.f90:      read(55,*) sign_bt
TGLFEP_generate_input.f90:      read(55,*) sign_it
TGLFEP_generate_input.f90:      read(55,*) nr
TGLFEP_generate_input.f90:      read(55,*) seed_flag
TGLFEP_generate_input.f90:      read(55,*) ns
TGLFEP_generate_input.f90:       read(55,*)
TGLFEP_generate_input.f90:       read(55,*)
TGLFEP_generate_input.f90:       read(55,*) x_dum
TGLFEP_generate_input.f90:       read(55,*) x_dum
TGLFEP_generate_input.f90:     read (55,*)
TGLFEP_generate_input.f90:     read (55,*)
TGLFEP_generate_input.f90:     close(55)
TGLFEP_generate_input.f90:           shift(j) = shift_min + ran_arr(4*ns+5)*(shift_max-shift_min)
TGLFEP_generate_input.f90:           omega_TAE(j) = (2./betae(j))**0.5/2./q(j)/rmaj(j)
TGLFEP_generate_input.f90:           omega_GAM(j) = (1./rmaj(j))*(1+taus(j,2))**0.5/(1.+1./(2.*q(j)))
TGLFEP_generate_input.f90:  character(50) :: line
TGLFEP_generate_input.f90:  read (55,'(A50)') line
TGLFEP_interface.f90:  real,parameter :: freq_cutoff = -0.35
TGLFEP_interface.f90:  character(50) :: str_wf_file
TGLFEP_kwscale_scan.f90:  integer, parameter :: nkyhat  = 4    ! Distinct from nn used when process_in/=5
TGLFEP_kwscale_scan.f90:      write(str_wf_file,'(A16,A5,A3,A7)') 'out.wavefunction', trim(suffix), '_sf', str_sf
TGLFEP_kwscale_scan.f90:!   if (id==0) print 30, id,id_2,id_3, 'after TGLFEP_ky at i=',i, 'time  ', values(5),values(6),values(7)
TGLFEP_kwscale_scan.f90:!    print *, 'In scalefactor (2.25) factor=', factor
TGLFEP_kwscale_scan.f90:!    if (id_3==0) print 50, 'All after MPI_BARRIER at ', values(5),values(6),values(7)
TGLFEP_kwscale_scan.f90:!    if (id==0) print 40, id, id_2, id_3, 'after MPI_ALLREDUCE at', values(5),values(6),values(7)
TGLFEP_kwscale_scan.f90:!    print *, 'In scalefactor (2.5) factor=', factor
TGLFEP_kwscale_scan.f90:!               (gamma_mark_i_1(ikyhat,iefwid) .lt. 0.95*gamma_mark_i_2(ikyhat,iefwid)) .and.  &   ! Looking for (dgamma/d(dnEP/dr))>0
TGLFEP_kwscale_scan.f90:15 format(E16.4,4(2ES14.5,A4))
TGLFEP_kwscale_scan.f90:20 format(F11.4,4(2ES14.5,A4))
TGLFEP_kwscale_scan.f90:25 format(I4,A30,I2,A10,I2,':',I2,':',I2)
TGLFEP_kwscale_scan.f90:50 format(A30,I2,':',I2,':',I2)
TGLFEP_ky.f90:       theta_2_moment(n) = theta_2_moment(n) + (9*3.14159265*(-1.0+(2.0*(i-1))/(max_plot-1)))**2*abs(wavefunction_out(n,1,i))
TGLFEP_ky.f90:                      1.5*tglf_taus_in(1)*get_QL_particle_flux(n,1,jfields)
TGLFEP_ky.f90:                          1.5*tglf_taus_in(j_ion)*get_QL_particle_flux(n,j_ion,jfields)
TGLFEP_ky.f90:    EP_conv_frac(n) = EP_QL_flux * 1.5 * tglf_taus_in(is_EP+1) / EP_QL_e_flux
TGLFEP_ky_nEPscan.f90:10 format(F5.2,8F12.7)
TGLFEP_ky_widthscan.f90:!  delta_width = 0.05
TGLFEP_ky_widthscan.f90:10 format(F5.2,8F12.7)
TGLFEP_ky_widthscan.f90:20 format(F5.2,8ES12.5)
TGLFEP_ky_widthscan.f90:30 format(F5.2,72F12.7)
TGLFEP_mainsub.f90:!    print *, id_world, 'before TGLFEP_scalfactor', values(5),':',values(6),':',values(7)
TGLFEP_mainsub.f90:  case(5:6)
TGLFEP_mainsub.f90:    if (process_in .eq. 5) mode_in = 2                      
TGLFEP_mainsub.f90:    process_in = 5
TGLFEP_read_EXPRO.f90:  real, parameter :: pi=3.14159265359
TGLFEP_read_EXPRO.f90:  if (id==0) print '(A21,I2,A1,I2,A1,I2)', 'Before expro_read at ', values(5),':',values(6),':',values(7)
TGLFEP_read_EXPRO.f90:  if (id==0) print '(A47,I2,A1,I2,A1,I2)', 'After expro_read, before TGLFEP_scalefactor at ', values(5),':',values(6),':',values(7)
TGLFEP_read_EXPRO.f90:  if (l_real_units .eq. 1) f_real(:) = (EXPRO_cs(:)/(EXPRO_rmin(nr)))/(2*3.14159265*1.0E3)
TGLFEP_read_EXPRO.f90:!  mass(1) = 2.7233115E-04    ! me / mD
TGLFEP_read_EXPRO.f90:  do j = 1, nr                                                ! EMB 10-25-2021
TGLFEP_read_EXPRO.f90:!  B_unit(:) = abs(EXPRO_b_ref)*(EXPRO_kappa(:)+0.5*EXPRO_kappa(:)*EXPRO_skappa(:))
TGLFEP_read_EXPRO.f90:  omega_TAE(:) = (2./betae(:))**0.5/2./q(:)/rmaj(:)
TGLFEP_read_EXPRO.f90:  omega_GAM(:) = (1./rmaj(:))*(1.+taus(:,2))**0.5/(1.+1./(2.*q(:)))
TGLFEP_scalefactor.f90:!    if (id==0) print 25, id_3, 'before TGLFEP_ky at i=',i, 'time  ', values(5),values(6),values(7)
TGLFEP_scalefactor.f90:!   if (id==0) print 30, id,id_2,id_3, 'after TGLFEP_ky at i=',i, 'time  ', values(5),values(6),values(7)
TGLFEP_scalefactor.f90:!    print *, 'In scalefactor (2.25) factor=', factor
TGLFEP_scalefactor.f90:!    if (id_3==0) print 50, 'All after MPI_BARRIER at ', values(5),values(6),values(7)
TGLFEP_scalefactor.f90:!    if (id==0) print 40, id, id_2, id_3, 'after MPI_ALLREDUCE at', values(5),values(6),values(7)
TGLFEP_scalefactor.f90:        write(88,'(A47,ES14.5,A4)') "             'F' rejected for non-AE frequency > ", f_real(ir)*freq_AE_upper, " kHz"
TGLFEP_scalefactor.f90:!    print *, 'In scalefactor (2.5) factor=', factor
TGLFEP_scalefactor.f90:20 format(F8.4,4(2ES14.5,A4))
TGLFEP_scalefactor.f90:25 format(I4,A30,I2,A10,I2,':',I2,':',I2)
TGLFEP_scalefactor.f90:50 format(A30,I2,':',I2,':',I2)
TGLFEP_tglf_map.f90:  factor_max = 0.5*1.0/(zs(is)*as(ir,is))
TGLFEP_tglf_map.f90:  sum0 = 0.      ! include all species but EP 7/25/2022
TGLFEP_tglf_map.f90:      tglf_rlns_in(i) = 1.0E-5
TGLFEP_tglf_map.f90:      tglf_rlts_in(i) = 1.0E-5
TGLFEP_tglf_map.f90:    gamma_thresh = 0.15*abs(gamma_E(ir)/shear(ir))   ! Bass PoP 2017 flow-shear suppression of AEs
TGLFEP_tglf_map.f90:    open(unit=55,file='input.profile',status='old')
TGLFEP_tglf_map.f90:    read(55,*) sign_bt
TGLFEP_tglf_map.f90:    read(55,*) sign_it
TGLFEP_tglf_map.f90:    read(55,*) nr
TGLFEP_tglf_map.f90:    read(55,*) ns
TGLFEP_tglf_map.f90:    read(55,*) geometry_flag
TGLFEP_tglf_map.f90:      read(55,*)
TGLFEP_tglf_map.f90:      read(55,*)
TGLFEP_tglf_map.f90:      read(55,*) zs(i)
TGLFEP_tglf_map.f90:      read(55,*) mass(i)
TGLFEP_tglf_map.f90:        read(55,*)
TGLFEP_tglf_map.f90:          read(55,*) as(j,i)
TGLFEP_tglf_map.f90:        read(55,*)
TGLFEP_tglf_map.f90:          read(55,*) taus(j,i)
TGLFEP_tglf_map.f90:      read(55,*)
TGLFEP_tglf_map.f90:        read(55,*) rlns(j,i)
TGLFEP_tglf_map.f90:      read(55,*)
TGLFEP_tglf_map.f90:        read(55,*) rlts(j,i)
TGLFEP_tglf_map.f90:    read(55,*)
TGLFEP_tglf_map.f90:    read(55,*)
TGLFEP_tglf_map.f90:      read(55,*)
TGLFEP_tglf_map.f90:        read(55,*) rmin(i)
TGLFEP_tglf_map.f90:      read(55,*)
TGLFEP_tglf_map.f90:        read(55,*) rmaj(i)
TGLFEP_tglf_map.f90:      read(55,*)
TGLFEP_tglf_map.f90:        read(55,*) q(i)
TGLFEP_tglf_map.f90:      read(55,*)
TGLFEP_tglf_map.f90:        read(55,*) shear(i)
TGLFEP_tglf_map.f90:      read(55,*)
TGLFEP_tglf_map.f90:        read(55,*) alpha(i)
TGLFEP_tglf_map.f90:      read(55,*)
TGLFEP_tglf_map.f90:        read(55,*) rmin(i)
TGLFEP_tglf_map.f90:      read(55,*)
TGLFEP_tglf_map.f90:        read(55,*) rmaj(i)
TGLFEP_tglf_map.f90:      read(55,*)
TGLFEP_tglf_map.f90:        read(55,*) q(i)
TGLFEP_tglf_map.f90:      read(55,*)
TGLFEP_tglf_map.f90:        read(55,*) shear(i)
TGLFEP_tglf_map.f90:      read(55,*)
TGLFEP_tglf_map.f90:        read(55,*) q_prime(i)
TGLFEP_tglf_map.f90:      read(55,*)
TGLFEP_tglf_map.f90:        read(55,*) p_prime(i)
TGLFEP_tglf_map.f90:      read(55,*)
TGLFEP_tglf_map.f90:        read(55,*) shift(i)
TGLFEP_tglf_map.f90:      read(55,*)
TGLFEP_tglf_map.f90:        read(55,*) kappa(i)
TGLFEP_tglf_map.f90:      read(55,*)
TGLFEP_tglf_map.f90:        read(55,*) s_kappa(i)
TGLFEP_tglf_map.f90:      read(55,*)
TGLFEP_tglf_map.f90:        read(55,*) delta(i)
TGLFEP_tglf_map.f90:      read(55,*)
TGLFEP_tglf_map.f90:        read(55,*) s_delta(i)
TGLFEP_tglf_map.f90:      read(55,*)
TGLFEP_tglf_map.f90:        read(55,*) zeta(i)
TGLFEP_tglf_map.f90:      read(55,*)
TGLFEP_tglf_map.f90:        read(55,*) s_zeta(i)
TGLFEP_tglf_map.f90:    read(55,*)
TGLFEP_tglf_map.f90:    read(55,*)
TGLFEP_tglf_map.f90:      read(55,*) zeff(i)
TGLFEP_tglf_map.f90:    read(55,*)
TGLFEP_tglf_map.f90:      read(55,*) betae(i)
TGLFEP_tglf_map.f90:    read(55,*)
TGLFEP_tglf_map.f90:      read(55,*) rho_star(i)
TGLFEP_tglf_map.f90:      omega_TAE(i) = (2./betae(i))**0.5/2./q(i)/rmaj(i)
TGLFEP_tglf_map.f90:      omega_GAM(i) = (1./rmaj(i))*(1+taus(i,2))**0.5/(1.+1./(2.*q(i)))
TGLFEP_tglf_map.f90:    close(55)
TGLFEP_TM.f90:  real,parameter :: ky=0.15
TGLFEP_TM.f90:  open(unit=15,file=trim(str_file//suffix),status='replace')
TGLFEP_TM.f90:  write(15,*)"gyro-bohm normalized eigenvalue spectra for mode_flag ",&
TGLFEP_TM.f90:  write(15,*)"ky,(gamma(n),freq(n),n=1,nmodes_in)"
TGLFEP_TM.f90:    write(15,10)ky_out,(growthrate_out(n),frequency_out(n),n=1,nmodes)
TGLFEP_TM.f90:  close(15)
TGLFEP_TM.f90:  write(str_file,'(A15,I1)')'out.potential_m',mode_in
